Using pre-set license
Built from '2020.3/release' branch; Version is '2020.3.15f2 (6cf78cb77498) revision 7141260'; Using compiler version '192528614'; Build Type 'Release'
OS: 'Windows 10 Home; OS build 19042.1165; Version 2009; 64bit' Language: 'fr' Physical Memory: 32702 MB
BatchMode: 1, IsHumanControllingUs: 0, StartBugReporterOnCrash: 0, Is64bit: 1, IsPro: 0

 COMMAND LINE ARGUMENTS:
C:\Program Files\Unity\Hub\Editor\2020.3.15f2\Editor\Unity.exe
-adb2
-batchMode
-noUpm
-name
AssetImportWorker0
-projectPath
C:/Users/kawik/OneDrive/programmation/GitHub/Champion-of-the-tower/Polygon VFX
-logFile
Logs/AssetImportWorker0.log
-srvPort
1137
Successfully changed project path to: C:/Users/kawik/OneDrive/programmation/GitHub/Champion-of-the-tower/Polygon VFX
C:/Users/kawik/OneDrive/programmation/GitHub/Champion-of-the-tower/Polygon VFX
Using Asset Import Pipeline V2.
Refreshing native plugins compatible for Editor in 51.57 ms, found 2 plugins.
Preloading 0 native plugins for Editor in 0.00 ms.
Initialize engine version: 2020.3.15f2 (6cf78cb77498)
[Subsystems] Discovering subsystems at path C:/Program Files/Unity/Hub/Editor/2020.3.15f2/Editor/Data/Resources/UnitySubsystems
[Subsystems] Discovering subsystems at path C:/Users/kawik/OneDrive/programmation/GitHub/Champion-of-the-tower/Polygon VFX/Assets
GfxDevice: creating device client; threaded=0
Direct3D:
    Version:  Direct3D 11.0 [level 11.1]
    Renderer: NVIDIA GeForce RTX 3060 (ID=0x2503)
    Vendor:   
    VRAM:     12143 MB
    Driver:   27.21.14.6172
Initialize mono
Mono path[0] = 'C:/Program Files/Unity/Hub/Editor/2020.3.15f2/Editor/Data/Managed'
Mono path[1] = 'C:/Program Files/Unity/Hub/Editor/2020.3.15f2/Editor/Data/MonoBleedingEdge/lib/mono/unityjit'
Mono config path = 'C:/Program Files/Unity/Hub/Editor/2020.3.15f2/Editor/Data/MonoBleedingEdge/etc'
Using monoOptions --debugger-agent=transport=dt_socket,embedding=1,server=y,suspend=n,address=127.0.0.1:56464
Begin MonoManager ReloadAssembly
Registering precompiled unity dll's ...
Register platform support module: C:/Program Files/Unity/Hub/Editor/2020.3.15f2/Editor/Data/PlaybackEngines/WindowsStandaloneSupport/UnityEditor.WindowsStandalone.Extensions.dll
Registered in 0.002006 seconds.
Native extension for WindowsStandalone target not found
Refreshing native plugins compatible for Editor in 47.75 ms, found 2 plugins.
Preloading 0 native plugins for Editor in 0.00 ms.
Mono: successfully reloaded assembly
- Completed reload, in  1.015 seconds
Domain Reload Profiling:
	ReloadAssembly (1015ms)
		BeginReloadAssembly (52ms)
			ExecutionOrderSort (0ms)
			DisableScriptedObjects (0ms)
			BackupInstance (0ms)
			ReleaseScriptingObjects (0ms)
			CreateAndSetChildDomain (1ms)
		EndReloadAssembly (415ms)
			LoadAssemblies (50ms)
			RebuildTransferFunctionScriptingTraits (0ms)
			SetupTypeCache (146ms)
			ReleaseScriptCaches (0ms)
			RebuildScriptCaches (29ms)
			SetupLoadedEditorAssemblies (172ms)
				LogAssemblyErrors (0ms)
				InitializePlatformSupportModulesInManaged (4ms)
				SetLoadedEditorAssemblies (0ms)
				RefreshPlugins (48ms)
				BeforeProcessingInitializeOnLoad (10ms)
				ProcessInitializeOnLoadAttributes (82ms)
				ProcessInitializeOnLoadMethodAttributes (27ms)
				AfterProcessingInitializeOnLoad (0ms)
				EditorAssembliesLoaded (0ms)
			ExecutionOrderSort2 (0ms)
			AwakeInstancesAfterBackupRestoration (0ms)
Platform modules already initialized, skipping
Registering precompiled user dll's ...
Registered in 0.004411 seconds.
Begin MonoManager ReloadAssembly
Native extension for WindowsStandalone target not found
Refreshing native plugins compatible for Editor in 0.46 ms, found 2 plugins.
Preloading 0 native plugins for Editor in 0.00 ms.
Mono: successfully reloaded assembly
- Completed reload, in  0.972 seconds
Domain Reload Profiling:
	ReloadAssembly (973ms)
		BeginReloadAssembly (138ms)
			ExecutionOrderSort (0ms)
			DisableScriptedObjects (4ms)
			BackupInstance (0ms)
			ReleaseScriptingObjects (0ms)
			CreateAndSetChildDomain (15ms)
		EndReloadAssembly (775ms)
			LoadAssemblies (76ms)
			RebuildTransferFunctionScriptingTraits (0ms)
			SetupTypeCache (234ms)
			ReleaseScriptCaches (0ms)
			RebuildScriptCaches (37ms)
			SetupLoadedEditorAssemblies (345ms)
				LogAssemblyErrors (0ms)
				InitializePlatformSupportModulesInManaged (5ms)
				SetLoadedEditorAssemblies (0ms)
				RefreshPlugins (1ms)
				BeforeProcessingInitializeOnLoad (86ms)
				ProcessInitializeOnLoadAttributes (243ms)
				ProcessInitializeOnLoadMethodAttributes (4ms)
				AfterProcessingInitializeOnLoad (6ms)
				EditorAssembliesLoaded (0ms)
			ExecutionOrderSort2 (0ms)
			AwakeInstancesAfterBackupRestoration (6ms)
Platform modules already initialized, skipping
========================================================================
Worker process is ready to serve import requests
Launched and connected shader compiler UnityShaderCompiler.exe after 0.05 seconds
Refreshing native plugins compatible for Editor in 0.51 ms, found 2 plugins.
Preloading 0 native plugins for Editor in 0.00 ms.
Unloading 1414 Unused Serialized files (Serialized files now loaded: 0)
System memory in use before: 141.9 MB.
System memory in use after: 141.9 MB.

Unloading 19 unused Assets to reduce memory usage. Loaded Objects now: 1852.
Total: 2.150800 ms (FindLiveObjects: 0.168400 ms CreateObjectMapping: 0.054200 ms MarkObjects: 1.821300 ms  DeleteObjects: 0.106100 ms)

AssetImportParameters requested are different than current active one (requested -> active):
  custom:framework-win-MediaFoundation: 216162199b28c13a410421893ffa2e32 -> 
  custom:video-decoder-ogg-theora: a1e56fd34408186e4bbccfd4996cb3dc -> 
  custom:container-muxer-webm: aa71ff27fc2769a1b78a27578f13a17b -> 
  custom:container-demuxer-webm: 4f35f7cbe854078d1ac9338744f61a02 -> 
  custom:container-demuxer-ogg: 62fdf1f143b41e24485cea50d1cbac27 -> 
  custom:video-encoder-webm-vp8: eb34c28f22e8b96e1ab97ce403110664 -> 
  custom:video-decoder-webm-vp8: 9c59270c3fd7afecdb556c50c9e8de78 -> 
  custom:audio-decoder-ogg-vorbis: bf7c407c2cedff20999df2af8eb42d56 -> 
  custom:audio-encoder-webm-vorbis: bf7c407c2cedff20999df2af8eb42d56 -> 
========================================================================
Received Import Request.
  path: Assets/Polygon Arsenal/Prefabs/Combat/Melee & Sword/Sword Slash/Gold/SlashFrenzyGold.prefab
  artifactKey: Guid(281caf72093f81940930a3e1dc148e9a) Importer(815301076,1909f56bfc062723c751e8b465ee728b)
Start importing Assets/Polygon Arsenal/Prefabs/Combat/Melee & Sword/Sword Slash/Gold/SlashFrenzyGold.prefab using Guid(281caf72093f81940930a3e1dc148e9a) Importer(815301076,1909f56bfc062723c751e8b465ee728b)  -> (artifact id: '981b91d73f2d01d46df3b7263e4c14fd') in 0.108969 seconds 
  Import took 0.114194 seconds .

========================================================================
Received Import Request.
  Time since last request: 0.000267 seconds.
  path: Assets/Polygon Arsenal/Prefabs/Combat/Melee & Sword/Sword Slash/Gold/SlashSpinThickGold.prefab
  artifactKey: Guid(7f71783c482ebe2409270fd90c076c2f) Importer(815301076,1909f56bfc062723c751e8b465ee728b)
Start importing Assets/Polygon Arsenal/Prefabs/Combat/Melee & Sword/Sword Slash/Gold/SlashSpinThickGold.prefab using Guid(7f71783c482ebe2409270fd90c076c2f) Importer(815301076,1909f56bfc062723c751e8b465ee728b)  -> (artifact id: '025b7265ea8a019d009f1ed466935474') in 0.019132 seconds 
  Import took 0.023834 seconds .

========================================================================
Received Import Request.
  Time since last request: 0.000035 seconds.
  path: Assets/Polygon Arsenal/Prefabs/Combat/Melee & Sword/Sword Slash/Gold/SlashWideGold.prefab
  artifactKey: Guid(6eb9f2f3e4ba73641a9eae7ee009983a) Importer(815301076,1909f56bfc062723c751e8b465ee728b)
Start importing Assets/Polygon Arsenal/Prefabs/Combat/Melee & Sword/Sword Slash/Gold/SlashWideGold.prefab using Guid(6eb9f2f3e4ba73641a9eae7ee009983a) Importer(815301076,1909f56bfc062723c751e8b465ee728b)  -> (artifact id: 'df5ffaf55f06dac5e85714ca9191a8ec') in 0.020839 seconds 
  Import took 0.027747 seconds .

========================================================================
Received Import Request.
  Time since last request: 0.000168 seconds.
  path: Assets/Polygon Arsenal/Prefabs/Combat/Melee & Sword/Sword Slash/Gold/SlashSmallGold.prefab
  artifactKey: Guid(7923e37648055d34abc4f9ce4dfbbba0) Importer(815301076,1909f56bfc062723c751e8b465ee728b)
Start importing Assets/Polygon Arsenal/Prefabs/Combat/Melee & Sword/Sword Slash/Gold/SlashSmallGold.prefab using Guid(7923e37648055d34abc4f9ce4dfbbba0) Importer(815301076,1909f56bfc062723c751e8b465ee728b)  -> (artifact id: '3acf9c2f1e1cff41c5a28f7307ceb4e9') in 0.015508 seconds 
  Import took 0.021721 seconds .

========================================================================
Received Import Request.
  Time since last request: 0.000170 seconds.
  path: Assets/Polygon Arsenal/Prefabs/Combat/Melee & Sword/Sword Slash/Gold/SlashSpinThinGold.prefab
  artifactKey: Guid(6b6ed0ffe57b43145b1596d2c3fcdf95) Importer(815301076,1909f56bfc062723c751e8b465ee728b)
Start importing Assets/Polygon Arsenal/Prefabs/Combat/Melee & Sword/Sword Slash/Gold/SlashSpinThinGold.prefab using Guid(6b6ed0ffe57b43145b1596d2c3fcdf95) Importer(815301076,1909f56bfc062723c751e8b465ee728b)  -> (artifact id: 'c051e33fa4020cf4381a2af6a8002f83') in 0.021438 seconds 
  Import took 0.027268 seconds .

========================================================================
Received Import Request.
  Time since last request: 0.000134 seconds.
  path: Assets/Polygon Arsenal/Prefabs/Combat/Melee & Sword/Sword Slash/Gold/SlashSmallGold.prefab
  artifactKey: Guid(7923e37648055d34abc4f9ce4dfbbba0) Importer(815301076,1909f56bfc062723c751e8b465ee728b)
Start importing Assets/Polygon Arsenal/Prefabs/Combat/Melee & Sword/Sword Slash/Gold/SlashSmallGold.prefab using Guid(7923e37648055d34abc4f9ce4dfbbba0) Importer(815301076,1909f56bfc062723c751e8b465ee728b)  -> (artifact id: '3acf9c2f1e1cff41c5a28f7307ceb4e9') in 0.017122 seconds 
  Import took 0.020694 seconds .

========================================================================
Received Import Request.
  Time since last request: 0.000136 seconds.
  path: Assets/Polygon Arsenal/Prefabs/Combat/Melee & Sword/Sword Slash/Gold/SlashSpinThinGold.prefab
  artifactKey: Guid(6b6ed0ffe57b43145b1596d2c3fcdf95) Importer(815301076,1909f56bfc062723c751e8b465ee728b)
Start importing Assets/Polygon Arsenal/Prefabs/Combat/Melee & Sword/Sword Slash/Gold/SlashSpinThinGold.prefab using Guid(6b6ed0ffe57b43145b1596d2c3fcdf95) Importer(815301076,1909f56bfc062723c751e8b465ee728b)  -> (artifact id: 'c051e33fa4020cf4381a2af6a8002f83') in 0.013498 seconds 
  Import took 0.017263 seconds .

========================================================================
Received Prepare
Refreshing native plugins compatible for Editor in 3.50 ms, found 2 plugins.
Preloading 0 native plugins for Editor in 0.00 ms.
Unloading 12 Unused Serialized files (Serialized files now loaded: 0)
System memory in use before: 116.6 MB.
System memory in use after: 116.7 MB.

Unloading 12 unused Assets to reduce memory usage. Loaded Objects now: 1860.
Total: 2.030400 ms (FindLiveObjects: 0.120900 ms CreateObjectMapping: 0.038900 ms MarkObjects: 1.812400 ms  DeleteObjects: 0.057000 ms)

AssetImportParameters requested are different than current active one (requested -> active):
  custom:framework-win-MediaFoundation: 216162199b28c13a410421893ffa2e32 -> 
  custom:video-decoder-ogg-theora: a1e56fd34408186e4bbccfd4996cb3dc -> 
  custom:container-muxer-webm: aa71ff27fc2769a1b78a27578f13a17b -> 
  custom:container-demuxer-webm: 4f35f7cbe854078d1ac9338744f61a02 -> 
  custom:container-demuxer-ogg: 62fdf1f143b41e24485cea50d1cbac27 -> 
  custom:video-encoder-webm-vp8: eb34c28f22e8b96e1ab97ce403110664 -> 
  custom:video-decoder-webm-vp8: 9c59270c3fd7afecdb556c50c9e8de78 -> 
  custom:audio-decoder-ogg-vorbis: bf7c407c2cedff20999df2af8eb42d56 -> 
  custom:audio-encoder-webm-vorbis: bf7c407c2cedff20999df2af8eb42d56 -> 
AssetImportWorkerClient::OnTransportError - code=2 error=End of file
